CS240: Exam3. pheldrin Fri Dec 11 00:41:36 EST 2015  Total:  6 of 25
6
25
CS240: Exam3. pheldrin Fri Dec 11 00:44:50 EST 2015  Total:  25 of 25
25
25
CS240: Exam3. pheldrin Fri Dec 11 00:44:56 EST 2015  Total:  25 of 25
25
25
CS240: Exam3. pheldrin Sun Dec 13 21:19:35 EST 2015  Total:  25 of 25
25
25
CS240: Exam3. pheldrin Sun Dec 13 21:20:11 EST 2015  Total:  25 of 25
25
25
CS240: Exam3. pheldrin Sun Dec 13 21:20:31 EST 2015  Total:  25 of 25
25
25
CS240: Exam3. pheldrin Sun Dec 13 21:39:46 EST 2015  Total:  0 of 25
0
25
CS240: Exam3. pheldrin Sun Dec 13 21:45:11 EST 2015  Total:  0 of 25
0
25
CS240: Exam3. pheldrin Sun Dec 13 21:45:36 EST 2015  Total:  0 of 25
0
25
CS240: Exam3. pheldrin Sun Dec 13 21:46:04 EST 2015  Total:  0 of 25
0
25
CS240: Exam3. nmeier Thu Apr 27 07:30:55 EDT 2017  Total:  0 of 25
0
25
CS240: Exam3. nmeier Thu Apr 27 07:34:42 EDT 2017  Total:  0 of 25
0
25
CS240: Exam3. nmeier Thu Apr 27 07:37:12 EDT 2017  Total:  0 of 25
0
25
CS240: Exam3. nmeier Thu Apr 27 07:59:45 EDT 2017  Total:  0 of 25
0
25
CS240: Exam3. nmeier Thu Apr 27 08:03:20 EDT 2017  Total:  0 of 25
0
25
CS240: Exam3. nmeier Thu Apr 27 08:12:39 EDT 2017  Total:  6 of 25
6
25
CS240: Exam3. nmeier Thu Apr 27 08:13:59 EDT 2017  Total:  6 of 25
6
25
CS240: Exam3. nmeier Thu Apr 27 08:14:11 EDT 2017  Total:  12 of 25
12
25
CS240: Exam3. nmeier Sat Apr 29 12:29:34 EDT 2017  Total:  12 of 25
12
25
CS240: Exam3. nmeier Sat Apr 29 12:35:07 EDT 2017  Total:  18 of 25
18
25
CS240: Exam3. nmeier Sat Apr 29 13:13:05 EDT 2017  Total:  18 of 25
18
25
CS240: Exam3. nmeier Sat Apr 29 13:20:20 EDT 2017  Total:  18 of 25
18
25
CS240: Exam3. nmeier Sat Apr 29 13:20:27 EDT 2017  Total:  18 of 25
18
25
CS240: Exam3. nmeier Sat Apr 29 13:21:57 EDT 2017  Total:  18 of 25
18
25
CS240: Exam3. nmeier Sat Apr 29 13:24:08 EDT 2017  Total:  18 of 25
18
25
CS240: Exam3. nmeier Sat Apr 29 13:42:39 EDT 2017  Total:  18 of 25
18
25
CS240: Exam3. nmeier Sat Apr 29 13:44:01 EDT 2017  Total:  18 of 25
18
25
CS240: Exam3. nmeier Sat Apr 29 13:49:29 EDT 2017  Total:  21 of 25
21
25
CS240: Exam3. nmeier Sat Apr 29 13:53:13 EDT 2017  Total:  21 of 25
21
25
CS240: Exam3. nmeier Sat Apr 29 13:53:33 EDT 2017  Total:  18 of 25
18
25
CS240: Exam3. nmeier Sat Apr 29 13:53:41 EDT 2017  Total:  21 of 25
21
25
CS240: Exam3. nmeier Sat Apr 29 13:55:19 EDT 2017  Total:  21 of 25
21
25
CS240: Exam3. nmeier Sat Apr 29 13:56:30 EDT 2017  Total:  21 of 25
21
25
CS240: Exam3. nmeier Sat Apr 29 14:04:49 EDT 2017  Total:  21 of 25
21
25
CS240: Exam3. nmeier Sat Apr 29 14:08:56 EDT 2017  Total:  25 of 25
25
25
CS240: Exam3. nmeier Sat Apr 29 15:45:44 EDT 2017  Total:  25 of 25
25
25
CS240: Exam3. nmeier Sat Apr 29 21:43:01 EDT 2017  Total:  25 of 25
25
25
CS240: Exam3. nmeier Sun Apr 30 23:26:05 EDT 2017  Total:  25 of 25
25
25
CS240: Exam3. nmeier Sun Apr 30 23:28:59 EDT 2017  Total:  25 of 25
25
25
CS240: Exam3. nmeier Sun Apr 30 23:30:09 EDT 2017  Total:  25 of 25
25
25
