

-------------------------------------------------
CS240 Midterm 1: task35. nguye225   
Tue Feb 23 15:56:30 EST 2016
-------------------------------------------------
task35 t                            : 5   of 5  
task35 ttt                          : 5   of 5  
task35 tight                        : 5   of 5  
task35 racecar                      : 5   of 5  
task35 are we not drawn onward we few drawn onward to new era : 5   of 5  
task35 armadillo ollidamra          : 5   of 5  
task35 t hiht                       : 5   of 5  
task35 tig                          : 5   of 5  
task35 t	igit                       : 5   of 5  
task35 asdfasdfasdfasdfasdffdsafdsafdsafdsafdsaG : 5   of 5  
-------------------------------------------------
CS240 - Midterm 1: task35. nguye225 Tue Feb 23 15:56:30 EST 2016  Total:  50 of 50



-------------------------------------------------
CS240 Midterm 1: task35. nguye225   
Tue Feb 23 16:27:01 EST 2016
-------------------------------------------------
task35 t                            : 5   of 5  
task35 ttt                          : 5   of 5  
task35 tight                        : 5   of 5  
task35 racecar                      : 5   of 5  
task35 are we not drawn onward we few drawn onward to new era : 5   of 5  
task35 armadillo ollidamra          : 5   of 5  
task35 t hiht                       : 5   of 5  
task35 tig                          : 5   of 5  
task35 t	igit                       : 5   of 5  
task35 asdfasdfasdfasdfasdffdsafdsafdsafdsafdsaG : 5   of 5  
-------------------------------------------------
CS240 - Midterm 1: task35. nguye225 Tue Feb 23 16:27:01 EST 2016  Total:  50 of 50



-------------------------------------------------
CS240 Midterm 1: task35. cs240   
Mon Jan 30 22:35:57 EST 2017
-------------------------------------------------
task35 t                            : 5   of 5  
task35 ttt                          : 5   of 5  
task35 tight                        : 5   of 5  
task35 racecar                      : 5   of 5  
task35 are we not drawn onward we few drawn onward to new era : 5   of 5  
task35 armadillo ollidamra          : 5   of 5  
task35 t hiht                       : 5   of 5  
task35 tig                          : 5   of 5  
task35 t	igit                       : 5   of 5  
task35 asdfasdfasdfasdfasdffdsafdsafdsafdsafdsaG : 5   of 5  
-------------------------------------------------
CS240 - Midterm 1: task35. cs240 Mon Jan 30 22:35:57 EST 2017  Total:  50 of 50



-------------------------------------------------
CS240 Midterm 1: task35. cs240   
Mon Jan 30 22:37:46 EST 2017
-------------------------------------------------
task35 t                            : 5   of 5  
task35 ttt                          : 5   of 5  
task35 tight                        : 5   of 5  
task35 racecar                      : 5   of 5  
task35 are we not drawn onward we few drawn onward to new era : 5   of 5  
task35 armadillo ollidamra          : 5   of 5  
task35 t hiht                       : 5   of 5  
task35 tig                          : 5   of 5  
task35 t	igit                       : 5   of 5  
task35 asdfasdfasdfasdfasdffdsafdsafdsafdsafdsaG : 5   of 5  
-------------------------------------------------
CS240 - Midterm 1: task35. cs240 Mon Jan 30 22:37:46 EST 2017  Total:  50 of 50



-------------------------------------------------
CS240 Midterm 1: task35. cs240   
Mon Jan 30 22:39:17 EST 2017
-------------------------------------------------
task35 t                            : 5   of 5  
task35 ttt                          : 5   of 5  
task35 tight                        : 5   of 5  
task35 racecar                      : 5   of 5  
task35 are we not drawn onward we few drawn onward to new era : 5   of 5  
task35 armadillo ollidamra          : 5   of 5  
task35 t hiht                       : 5   of 5  
task35 tig                          : 5   of 5  
task35 t	igit                       : 5   of 5  
task35 asdfasdfasdfasdfasdffdsafdsafdsafdsafdsaG : 5   of 5  
-------------------------------------------------
CS240 - Midterm 1: task35. cs240 Mon Jan 30 22:39:17 EST 2017  Total:  50 of 50



-------------------------------------------------
CS240 Midterm 1: task35. cs240   
Mon Jan 30 22:40:06 EST 2017
-------------------------------------------------
task35 t                            : 0   of 5  
task35 ttt                          : 0   of 5  
task35 tight                        : 5   of 5  
task35 racecar                      : 0   of 5  
task35 are we not drawn onward we few drawn onward to new era : 0   of 5  
task35 armadillo ollidamra          : 0   of 5  
task35 t hiht                       : 0   of 5  
task35 tig                          : 5   of 5  
task35 t	igit                       : 0   of 5  
task35 asdfasdfasdfasdfasdffdsafdsafdsafdsafdsaG : 5   of 5  
-------------------------------------------------
CS240 - Midterm 1: task35. cs240 Mon Jan 30 22:40:06 EST 2017  Total:  15 of 50



-------------------------------------------------
CS240 Midterm 1: task35. cs240   
Mon Jan 30 22:40:30 EST 2017
-------------------------------------------------
task35 t                            : 0   of 5  
task35 ttt                          : 0   of 5  
task35 tight                        : 5   of 5  
task35 racecar                      : 0   of 5  
task35 are we not drawn onward we few drawn onward to new era : 0   of 5  
task35 armadillo ollidamra          : 0   of 5  
task35 t hiht                       : 0   of 5  
task35 tig                          : 5   of 5  
task35 t	igit                       : 0   of 5  
task35 asdfasdfasdfasdfasdffdsafdsafdsafdsafdsaG : 5   of 5  
-------------------------------------------------
CS240 - Midterm 1: task35. cs240 Mon Jan 30 22:40:30 EST 2017  Total:  15 of 50



-------------------------------------------------
CS240 Midterm 1: task35. cs240   
Mon Jan 30 22:40:44 EST 2017
-------------------------------------------------
task35 t                            : 0   of 5  
task35 ttt                          : 0   of 5  
task35 tight                        : 5   of 5  
task35 racecar                      : 0   of 5  
task35 are we not drawn onward we few drawn onward to new era : 0   of 5  
task35 armadillo ollidamra          : 0   of 5  
task35 t hiht                       : 0   of 5  
task35 tig                          : 5   of 5  
task35 t	igit                       : 0   of 5  
task35 asdfasdfasdfasdfasdffdsafdsafdsafdsafdsaG : 5   of 5  
-------------------------------------------------
CS240 - Midterm 1: task35. cs240 Mon Jan 30 22:40:44 EST 2017  Total:  15 of 50



-------------------------------------------------
CS240 Midterm 1: task35. cs240   
Mon Jan 30 22:41:12 EST 2017
-------------------------------------------------
task35 t                            : 0   of 5  
task35 ttt                          : 0   of 5  
task35 tight                        : 5   of 5  
task35 racecar                      : 0   of 5  
task35 are we not drawn onward we few drawn onward to new era : 0   of 5  
task35 armadillo ollidamra          : 0   of 5  
task35 t hiht                       : 0   of 5  
task35 tig                          : 5   of 5  
task35 t	igit                       : 0   of 5  
task35 asdfasdfasdfasdfasdffdsafdsafdsafdsafdsaG : 5   of 5  
-------------------------------------------------
CS240 - Midterm 1: task35. cs240 Mon Jan 30 22:41:12 EST 2017  Total:  15 of 50



-------------------------------------------------
CS240 Midterm 1: task35. cs240   
Mon Jan 30 22:41:45 EST 2017
-------------------------------------------------
task35 t                            : 0   of 5  
task35 ttt                          : 0   of 5  
task35 tight                        : 5   of 5  
task35 racecar                      : 0   of 5  
task35 are we not drawn onward we few drawn onward to new era : 0   of 5  
task35 armadillo ollidamra          : 0   of 5  
task35 t hiht                       : 0   of 5  
task35 tig                          : 5   of 5  
task35 t	igit                       : 0   of 5  
task35 asdfasdfasdfasdfasdffdsafdsafdsafdsafdsaG : 5   of 5  
-------------------------------------------------
CS240 - Midterm 1: task35. cs240 Mon Jan 30 22:41:45 EST 2017  Total:  15 of 50



-------------------------------------------------
CS240 Midterm 1: task35. cs240   
Mon Jan 30 22:42:29 EST 2017
-------------------------------------------------
task35 t                            : 0   of 5  
task35 ttt                          : 0   of 5  
task35 tight                        : 5   of 5  
task35 racecar                      : 0   of 5  
task35 are we not drawn onward we few drawn onward to new era : 0   of 5  
task35 armadillo ollidamra          : 0   of 5  
task35 t hiht                       : 0   of 5  
task35 tig                          : 5   of 5  
task35 t	igit                       : 0   of 5  
task35 asdfasdfasdfasdfasdffdsafdsafdsafdsafdsaG : 5   of 5  
-------------------------------------------------
CS240 - Midterm 1: task35. cs240 Mon Jan 30 22:42:29 EST 2017  Total:  15 of 50



-------------------------------------------------
CS240 Midterm 1: task35. cs240   
Mon Jan 30 22:42:49 EST 2017
-------------------------------------------------
task35 t                            : 0   of 5  
task35 ttt                          : 0   of 5  
task35 tight                        : 5   of 5  
task35 racecar                      : 0   of 5  
task35 are we not drawn onward we few drawn onward to new era : 0   of 5  
task35 armadillo ollidamra          : 0   of 5  
task35 t hiht                       : 0   of 5  
task35 tig                          : 5   of 5  
task35 t	igit                       : 0   of 5  
task35 asdfasdfasdfasdfasdffdsafdsafdsafdsafdsaG : 5   of 5  
-------------------------------------------------
CS240 - Midterm 1: task35. cs240 Mon Jan 30 22:42:49 EST 2017  Total:  15 of 50



-------------------------------------------------
CS240 Midterm 1: task35. nmeier   
Wed Feb  8 11:28:01 EST 2017
-------------------------------------------------
task35 t                            : 0   of 5  
task35 ttt                          : 0   of 5  
task35 tight                        : 5   of 5  
task35 racecar                      : 0   of 5  
task35 are we not drawn onward we few drawn onward to new era : 0   of 5  
task35 armadillo ollidamra          : 0   of 5  
task35 t hiht                       : 0   of 5  
task35 tig                          : 5   of 5  
task35 t	igit                       : 0   of 5  
task35 asdfasdfasdfasdfasdffdsafdsafdsafdsafdsaG : 5   of 5  
-------------------------------------------------
CS240 - Midterm 1: task35. nmeier Wed Feb 8 11:28:01 EST 2017  Total:  15 of 50



-------------------------------------------------
CS240 Midterm 1: task35. nmeier   
Wed Feb  8 12:05:36 EST 2017
-------------------------------------------------
task35 t                            : 0   of 5  
task35 ttt                          : 0   of 5  
task35 tight                        : 5   of 5  
task35 racecar                      : 0   of 5  
task35 are we not drawn onward we few drawn onward to new era : 0   of 5  
task35 armadillo ollidamra          : 0   of 5  
task35 t hiht                       : 0   of 5  
task35 tig                          : 5   of 5  
task35 t	igit                       : 0   of 5  
task35 asdfasdfasdfasdfasdffdsafdsafdsafdsafdsaG : 5   of 5  
-------------------------------------------------
CS240 - Midterm 1: task35. nmeier Wed Feb 8 12:05:36 EST 2017  Total:  15 of 50



-------------------------------------------------
CS240 Midterm 1: task35. nmeier   
Wed Feb  8 12:22:45 EST 2017
-------------------------------------------------
task35 are we not drawn onward we few drawn onward to new era : 0   of 5  
task35 t hiht                       : 0   of 5  
task35 t	igit                       : 0   of 5  
-------------------------------------------------
CS240 - Midterm 1: task35. nmeier Wed Feb 8 12:22:45 EST 2017  Total:  0 of 50



-------------------------------------------------
CS240 Midterm 1: task35. nmeier   
Wed Feb  8 12:23:36 EST 2017
-------------------------------------------------
task35 are we not drawn onward we few drawn onward to new era : 0   of 5  
task35 t hiht                       : 0   of 5  
task35 t	igit                       : 0   of 5  
-------------------------------------------------
CS240 - Midterm 1: task35. nmeier Wed Feb 8 12:23:36 EST 2017  Total:  0 of 50



-------------------------------------------------
CS240 Midterm 1: task35. nmeier   
Wed Feb  8 18:34:54 EST 2017
-------------------------------------------------
task35 are we not drawn onward we few drawn onward to new era : 0   of 5  
task35 t hiht                       : 0   of 5  
task35 t	igit                       : 0   of 5  
-------------------------------------------------
CS240 - Midterm 1: task35. nmeier Wed Feb 8 18:34:54 EST 2017  Total:  0 of 50



-------------------------------------------------
CS240 Midterm 1: task35. nmeier   
Wed Feb  8 19:21:26 EST 2017
-------------------------------------------------
task35 are we not drawn onward we few drawn onward to new era : 0   of 5  
task35 t hiht                       : 0   of 5  
task35 t	igit                       : 0   of 5  
-------------------------------------------------
CS240 - Midterm 1: task35. nmeier Wed Feb 8 19:21:26 EST 2017  Total:  0 of 50



-------------------------------------------------
CS240 Midterm 1: task35. nmeier   
Wed Feb  8 20:29:52 EST 2017
-------------------------------------------------
task35 are we not drawn onward we few drawn onward to new era : 0   of 5  
task35 t hiht                       : 0   of 5  
task35 t	igit                       : 0   of 5  
-------------------------------------------------
CS240 - Midterm 1: task35. nmeier Wed Feb 8 20:29:52 EST 2017  Total:  0 of 50



-------------------------------------------------
CS240 Midterm 1: task35. nmeier   
Wed Feb  8 20:41:05 EST 2017
-------------------------------------------------
task35 t                            : 5   of 5  
task35 ttt                          : 5   of 5  
task35 tight                        : 5   of 5  
task35 racecar                      : 5   of 5  
task35 are we not drawn onward we few drawn onward to new era : 0   of 5  
task35 armadillo ollidamra          : 5   of 5  
task35 t hiht                       : 0   of 5  
task35 tig                          : 5   of 5  
task35 t	igit                       : 0   of 5  
task35 asdfasdfasdfasdfasdffdsafdsafdsafdsafdsaG : 5   of 5  
-------------------------------------------------
CS240 - Midterm 1: task35. nmeier Wed Feb 8 20:41:05 EST 2017  Total:  35 of 50



-------------------------------------------------
CS240 Midterm 1: task35. nmeier   
Wed Feb  8 20:41:23 EST 2017
-------------------------------------------------
task35 t                            : 5   of 5  
task35 ttt                          : 5   of 5  
task35 tight                        : 5   of 5  
task35 racecar                      : 5   of 5  
task35 are we not drawn onward we few drawn onward to new era : 0   of 5  
task35 armadillo ollidamra          : 5   of 5  
task35 t hiht                       : 0   of 5  
task35 tig                          : 5   of 5  
task35 t	igit                       : 0   of 5  
task35 asdfasdfasdfasdfasdffdsafdsafdsafdsafdsaG : 5   of 5  
-------------------------------------------------
CS240 - Midterm 1: task35. nmeier Wed Feb 8 20:41:23 EST 2017  Total:  35 of 50

