

-------------------------------------------------
CS240: Lab 2b. cs240   
Sat Aug 29 15:19:08 EDT 2015
-------------------------------------------------
test_mystring test1                 : 0   of 3  
test_mystring test2                 : 0   of 3  
test_mystring test3                 : 0   of 3  
test_mystring test4                 : 0   of 3  
test_mystring test5                 : 0   of 3  
test_mystring test6                 : 0   of 3  
test_mystring test7                 : 0   of 3  
-------------------------------------------------
CS240: Lab 2b. cs240 Sat Aug 29 15:19:08 EDT 2015  Total:  0 of 21



-------------------------------------------------
CS240: Lab 2b. cs240   
Sat Aug 29 15:25:50 EDT 2015
-------------------------------------------------
test_mystring test1                 : 3   of 3  
test_mystring test2                 : 3   of 3  
test_mystring test3                 : 3   of 3  
test_mystring test4                 : 3   of 3  
test_mystring test5                 : 3   of 3  
test_mystring test6                 : 3   of 3  
test_mystring test7                 : 3   of 3  
-------------------------------------------------
CS240: Lab 2b. cs240 Sat Aug 29 15:25:50 EDT 2015  Total:  21 of 21



-------------------------------------------------
CS240: Lab 2b. cs240   
Sat Aug 29 15:26:57 EDT 2015
-------------------------------------------------
test_mystring test1                 : 3   of 3  
test_mystring test2                 : 3   of 3  
test_mystring test3                 : 3   of 3  
test_mystring test4                 : 3   of 3  
test_mystring test5                 : 3   of 3  
test_mystring test6                 : 3   of 3  
test_mystring test7                 : 3   of 3  
-------------------------------------------------
CS240: Lab 2b. cs240 Sat Aug 29 15:26:57 EDT 2015  Total:  21 of 21



-------------------------------------------------
CS240: Lab 2b. cs240   
Sat Aug 29 15:27:45 EDT 2015
-------------------------------------------------
test_mystring test1                 : 0   of 3  
test_mystring test2                 : 0   of 3  
test_mystring test3                 : 0   of 3  
test_mystring test4                 : 0   of 3  
test_mystring test5                 : 0   of 3  
test_mystring test6                 : 0   of 3  
test_mystring test7                 : 0   of 3  
-------------------------------------------------
CS240: Lab 2b. cs240 Sat Aug 29 15:27:45 EDT 2015  Total:  0 of 21



-------------------------------------------------
CS240: Lab 2b. cs240   
Sat Aug 29 15:28:05 EDT 2015
-------------------------------------------------
test_mystring test1                 : 0   of 3  
test_mystring test2                 : 0   of 3  
test_mystring test3                 : 0   of 3  
test_mystring test4                 : 0   of 3  
test_mystring test5                 : 0   of 3  
test_mystring test6                 : 0   of 3  
test_mystring test7                 : 0   of 3  
-------------------------------------------------
CS240: Lab 2b. cs240 Sat Aug 29 15:28:05 EDT 2015  Total:  0 of 21



-------------------------------------------------
CS240: Lab 2. nmeier   
Wed Jan 25 11:58:24 EST 2017
-------------------------------------------------
test_mystring test1                 : 3   of 3  
test_mystring test2                 : 0   of 3  
test_mystring test3                 : 0   of 3  
test_mystring test4                 : 0   of 3  
test_mystring test5                 : 0   of 3  
test_mystring test6                 : 0   of 3  
test_mystring test7                 : 0   of 3  
-------------------------------------------------
CS240: Lab 2. nmeier Wed Jan 25 11:58:24 EST 2017  Total:  3 of 21



-------------------------------------------------
CS240: Lab 2. nmeier   
Wed Jan 25 16:54:40 EST 2017
-------------------------------------------------
test_mystring test1                 : 3   of 3  
test_mystring test2                 : 3   of 3  
test_mystring test3                 : 0   of 3  
test_mystring test4                 : 0   of 3  
test_mystring test5                 : 0   of 3  
test_mystring test6                 : 0   of 3  
test_mystring test7                 : 0   of 3  
-------------------------------------------------
CS240: Lab 2. nmeier Wed Jan 25 16:54:40 EST 2017  Total:  6 of 21



-------------------------------------------------
CS240: Lab 2. nmeier   
Wed Jan 25 17:02:07 EST 2017
-------------------------------------------------
test_mystring test1                 : 3   of 3  
test_mystring test2                 : 3   of 3  
test_mystring test3                 : 0   of 3  
test_mystring test4                 : 0   of 3  
test_mystring test5                 : 0   of 3  
test_mystring test6                 : 0   of 3  
test_mystring test7                 : 0   of 3  
-------------------------------------------------
CS240: Lab 2. nmeier Wed Jan 25 17:02:07 EST 2017  Total:  6 of 21



-------------------------------------------------
CS240: Lab 2. nmeier   
Wed Jan 25 17:03:58 EST 2017
-------------------------------------------------
test_mystring test1                 : 3   of 3  
test_mystring test2                 : 3   of 3  
test_mystring test3                 : 0   of 3  
test_mystring test4                 : 0   of 3  
test_mystring test5                 : 0   of 3  
test_mystring test6                 : 0   of 3  
test_mystring test7                 : 0   of 3  
-------------------------------------------------
CS240: Lab 2. nmeier Wed Jan 25 17:03:58 EST 2017  Total:  6 of 21



-------------------------------------------------
CS240: Lab 2. nmeier   
Wed Jan 25 17:09:32 EST 2017
-------------------------------------------------
test_mystring test1                 : 3   of 3  
test_mystring test2                 : 3   of 3  
test_mystring test3                 : 3   of 3  
test_mystring test4                 : 0   of 3  
test_mystring test5                 : 0   of 3  
test_mystring test6                 : 0   of 3  
test_mystring test7                 : 0   of 3  
-------------------------------------------------
CS240: Lab 2. nmeier Wed Jan 25 17:09:32 EST 2017  Total:  9 of 21



-------------------------------------------------
CS240: Lab 2. nmeier   
Wed Jan 25 17:17:55 EST 2017
-------------------------------------------------
test_mystring test1                 : 3   of 3  
test_mystring test2                 : 3   of 3  
test_mystring test3                 : 3   of 3  
test_mystring test4                 : 0   of 3  
test_mystring test5                 : 0   of 3  
test_mystring test6                 : 0   of 3  
test_mystring test7                 : 0   of 3  
-------------------------------------------------
CS240: Lab 2. nmeier Wed Jan 25 17:17:55 EST 2017  Total:  9 of 21



-------------------------------------------------
CS240: Lab 2. nmeier   
Wed Jan 25 17:24:16 EST 2017
-------------------------------------------------
test_mystring test1                 : 3   of 3  
test_mystring test2                 : 3   of 3  
test_mystring test3                 : 3   of 3  
test_mystring test4                 : 0   of 3  
test_mystring test5                 : 0   of 3  
test_mystring test6                 : 0   of 3  
test_mystring test7                 : 0   of 3  
-------------------------------------------------
CS240: Lab 2. nmeier Wed Jan 25 17:24:16 EST 2017  Total:  9 of 21



-------------------------------------------------
CS240: Lab 2. nmeier   
Wed Jan 25 17:31:53 EST 2017
-------------------------------------------------
test_mystring test1                 : 3   of 3  
test_mystring test2                 : 3   of 3  
test_mystring test3                 : 3   of 3  
test_mystring test4                 : 0   of 3  
test_mystring test5                 : 0   of 3  
test_mystring test6                 : 0   of 3  
test_mystring test7                 : 0   of 3  
-------------------------------------------------
CS240: Lab 2. nmeier Wed Jan 25 17:31:53 EST 2017  Total:  9 of 21



-------------------------------------------------
CS240: Lab 2. nmeier   
Wed Jan 25 17:32:19 EST 2017
-------------------------------------------------
test_mystring test1                 : 3   of 3  
test_mystring test2                 : 3   of 3  
test_mystring test3                 : 3   of 3  
test_mystring test4                 : 0   of 3  
test_mystring test5                 : 0   of 3  
test_mystring test6                 : 0   of 3  
test_mystring test7                 : 0   of 3  
-------------------------------------------------
CS240: Lab 2. nmeier Wed Jan 25 17:32:19 EST 2017  Total:  9 of 21



-------------------------------------------------
CS240: Lab 2. nmeier   
Wed Jan 25 17:36:07 EST 2017
-------------------------------------------------
test_mystring test1                 : 3   of 3  
test_mystring test2                 : 3   of 3  
test_mystring test3                 : 3   of 3  
test_mystring test4                 : 3   of 3  
test_mystring test5                 : 0   of 3  
test_mystring test6                 : 0   of 3  
test_mystring test7                 : 0   of 3  
-------------------------------------------------
CS240: Lab 2. nmeier Wed Jan 25 17:36:07 EST 2017  Total:  12 of 21



-------------------------------------------------
CS240: Lab 2. nmeier   
Wed Jan 25 19:24:44 EST 2017
-------------------------------------------------
test_mystring test1                 : 3   of 3  
test_mystring test2                 : 3   of 3  
test_mystring test3                 : 3   of 3  
test_mystring test4                 : 3   of 3  
test_mystring test6                 : 0   of 3  
test_mystring test7                 : 0   of 3  
-------------------------------------------------
CS240: Lab 2. nmeier Wed Jan 25 19:24:44 EST 2017  Total:  12 of 21



-------------------------------------------------
CS240: Lab 2. nmeier   
Wed Jan 25 19:46:46 EST 2017
-------------------------------------------------
test_mystring test1                 : 3   of 3  
test_mystring test2                 : 3   of 3  
test_mystring test3                 : 3   of 3  
test_mystring test4                 : 3   of 3  
test_mystring test6                 : 0   of 3  
test_mystring test7                 : 0   of 3  
-------------------------------------------------
CS240: Lab 2. nmeier Wed Jan 25 19:46:46 EST 2017  Total:  12 of 21



-------------------------------------------------
CS240: Lab 2. nmeier   
Wed Jan 25 19:52:47 EST 2017
-------------------------------------------------
test_mystring test1                 : 3   of 3  
test_mystring test2                 : 3   of 3  
test_mystring test3                 : 3   of 3  
test_mystring test4                 : 3   of 3  
test_mystring test6                 : 0   of 3  
test_mystring test7                 : 0   of 3  
-------------------------------------------------
CS240: Lab 2. nmeier Wed Jan 25 19:52:47 EST 2017  Total:  12 of 21



-------------------------------------------------
CS240: Lab 2. nmeier   
Wed Jan 25 19:54:36 EST 2017
-------------------------------------------------
test_mystring test1                 : 3   of 3  
test_mystring test2                 : 3   of 3  
test_mystring test3                 : 3   of 3  
test_mystring test4                 : 3   of 3  
test_mystring test6                 : 0   of 3  
test_mystring test7                 : 0   of 3  
-------------------------------------------------
CS240: Lab 2. nmeier Wed Jan 25 19:54:36 EST 2017  Total:  12 of 21



-------------------------------------------------
CS240: Lab 2. nmeier   
Wed Jan 25 19:55:22 EST 2017
-------------------------------------------------
test_mystring test1                 : 3   of 3  
test_mystring test2                 : 3   of 3  
test_mystring test3                 : 3   of 3  
test_mystring test4                 : 3   of 3  
test_mystring test6                 : 0   of 3  
test_mystring test7                 : 0   of 3  
-------------------------------------------------
CS240: Lab 2. nmeier Wed Jan 25 19:55:22 EST 2017  Total:  12 of 21



-------------------------------------------------
CS240: Lab 2. nmeier   
Wed Jan 25 19:55:49 EST 2017
-------------------------------------------------
test_mystring test1                 : 3   of 3  
test_mystring test2                 : 3   of 3  
test_mystring test3                 : 3   of 3  
test_mystring test4                 : 3   of 3  
test_mystring test6                 : 0   of 3  
test_mystring test7                 : 0   of 3  
-------------------------------------------------
CS240: Lab 2. nmeier Wed Jan 25 19:55:49 EST 2017  Total:  12 of 21



-------------------------------------------------
CS240: Lab 2. nmeier   
Wed Jan 25 19:58:23 EST 2017
-------------------------------------------------
test_mystring test1                 : 3   of 3  
test_mystring test2                 : 3   of 3  
test_mystring test3                 : 3   of 3  
test_mystring test4                 : 3   of 3  
test_mystring test6                 : 0   of 3  
test_mystring test7                 : 0   of 3  
-------------------------------------------------
CS240: Lab 2. nmeier Wed Jan 25 19:58:23 EST 2017  Total:  12 of 21



-------------------------------------------------
CS240: Lab 2. nmeier   
Wed Jan 25 19:58:57 EST 2017
-------------------------------------------------
test_mystring test1                 : 3   of 3  
test_mystring test2                 : 3   of 3  
test_mystring test3                 : 3   of 3  
test_mystring test4                 : 3   of 3  
test_mystring test6                 : 0   of 3  
test_mystring test7                 : 0   of 3  
-------------------------------------------------
CS240: Lab 2. nmeier Wed Jan 25 19:58:57 EST 2017  Total:  12 of 21



-------------------------------------------------
CS240: Lab 2. nmeier   
Wed Jan 25 20:00:21 EST 2017
-------------------------------------------------
test_mystring test1                 : 3   of 3  
test_mystring test2                 : 3   of 3  
test_mystring test3                 : 3   of 3  
test_mystring test4                 : 3   of 3  
test_mystring test5                 : 0   of 3  
test_mystring test6                 : 0   of 3  
test_mystring test7                 : 0   of 3  
-------------------------------------------------
CS240: Lab 2. nmeier Wed Jan 25 20:00:21 EST 2017  Total:  12 of 21



-------------------------------------------------
CS240: Lab 2. nmeier   
Wed Jan 25 20:04:34 EST 2017
-------------------------------------------------
test_mystring test1                 : 3   of 3  
test_mystring test2                 : 3   of 3  
test_mystring test3                 : 3   of 3  
test_mystring test4                 : 3   of 3  
test_mystring test5                 : 0   of 3  
test_mystring test6                 : 0   of 3  
test_mystring test7                 : 0   of 3  
-------------------------------------------------
CS240: Lab 2. nmeier Wed Jan 25 20:04:34 EST 2017  Total:  12 of 21



-------------------------------------------------
CS240: Lab 2. nmeier   
Wed Jan 25 20:14:38 EST 2017
-------------------------------------------------
test_mystring test1                 : 3   of 3  
test_mystring test2                 : 3   of 3  
test_mystring test3                 : 3   of 3  
test_mystring test4                 : 3   of 3  
test_mystring test5                 : 0   of 3  
test_mystring test6                 : 3   of 3  
test_mystring test7                 : 0   of 3  
-------------------------------------------------
CS240: Lab 2. nmeier Wed Jan 25 20:14:38 EST 2017  Total:  15 of 21



-------------------------------------------------
CS240: Lab 2. nmeier   
Wed Jan 25 20:35:42 EST 2017
-------------------------------------------------
test_mystring test1                 : 3   of 3  
test_mystring test2                 : 3   of 3  
test_mystring test3                 : 3   of 3  
test_mystring test4                 : 3   of 3  
test_mystring test5                 : 0   of 3  
test_mystring test6                 : 3   of 3  
test_mystring test7                 : 3   of 3  
-------------------------------------------------
CS240: Lab 2. nmeier Wed Jan 25 20:35:42 EST 2017  Total:  18 of 21



-------------------------------------------------
CS240: Lab 2. nmeier   
Thu Jan 26 08:12:57 EST 2017
-------------------------------------------------
test_mystring test1                 : 3   of 3  
test_mystring test2                 : 3   of 3  
test_mystring test3                 : 3   of 3  
test_mystring test4                 : 3   of 3  
test_mystring test5                 : 0   of 3  
test_mystring test6                 : 3   of 3  
test_mystring test7                 : 3   of 3  
-------------------------------------------------
CS240: Lab 2. nmeier Thu Jan 26 08:12:57 EST 2017  Total:  18 of 21



-------------------------------------------------
CS240: Lab 2. nmeier   
Thu Jan 26 08:14:58 EST 2017
-------------------------------------------------
test_mystring test1                 : 3   of 3  
test_mystring test2                 : 3   of 3  
test_mystring test3                 : 3   of 3  
test_mystring test4                 : 3   of 3  
test_mystring test5                 : 0   of 3  
test_mystring test6                 : 3   of 3  
test_mystring test7                 : 3   of 3  
-------------------------------------------------
CS240: Lab 2. nmeier Thu Jan 26 08:14:58 EST 2017  Total:  18 of 21



-------------------------------------------------
CS240: Lab 2. nmeier   
Thu Jan 26 08:15:15 EST 2017
-------------------------------------------------
test_mystring test1                 : 3   of 3  
test_mystring test2                 : 3   of 3  
test_mystring test3                 : 3   of 3  
test_mystring test4                 : 3   of 3  
test_mystring test5                 : 3   of 3  
test_mystring test6                 : 3   of 3  
test_mystring test7                 : 3   of 3  
-------------------------------------------------
CS240: Lab 2. nmeier Thu Jan 26 08:15:15 EST 2017  Total:  21 of 21



-------------------------------------------------
CS240: Lab 2. nmeier   
Tue Feb 21 20:41:38 EST 2017
-------------------------------------------------
test_mystring test1                 : 3   of 3  
test_mystring test2                 : 3   of 3  
test_mystring test3                 : 3   of 3  
test_mystring test4                 : 3   of 3  
test_mystring test5                 : 3   of 3  
test_mystring test6                 : 3   of 3  
test_mystring test7                 : 3   of 3  
-------------------------------------------------
CS240: Lab 2. nmeier Tue Feb 21 20:41:38 EST 2017  Total:  21 of 21

