CS240: Exam2. cs240 Sun Oct 18 21:19:21 EDT 2015  Total:  0 of 20
0
20
CS240: Exam2. cs240 Sun Oct 18 21:20:20 EDT 2015  Total:  20 of 20
20
20
CS240: Exam2. cs240 Sun Oct 18 21:20:42 EDT 2015  Total:  20 of 20
20
20
CS240: Exam2. cs240 Mon Oct 19 02:25:22 EDT 2015  Total:  20 of 20
20
20
CS240: Exam2. cs240 Mon Oct 19 02:28:29 EDT 2015  Total:  20 of 20
20
20
CS240: Exam2. cs240 Mon Oct 19 04:44:10 EDT 2015  Total:  0 of 20
0
20
CS240: Exam2. cs240 Mon Oct 19 04:44:20 EDT 2015  Total:  0 of 20
0
20
CS240: Exam2. cs240 Mon Oct 19 04:48:00 EDT 2015  Total:  0 of 20
0
20
CS240: Exam2. cs240 Mon Oct 19 04:53:57 EDT 2015  Total:  0 of 20
0
20
CS240: Exam2. cs240 Mon Oct 19 12:58:22 EDT 2015  Total:  0 of 20
0
20
CS240: Exam2. cs240 Mon Mar 6 22:13:35 EST 2017  Total:  0 of 20
0
20
CS240: Exam2. nmeier Tue Mar 21 14:55:29 EDT 2017  Total:  0 of 20
0
20
CS240: Exam2. nmeier Wed Mar 22 15:02:31 EDT 2017  Total:  7 of 20
7
20
CS240: Exam2. nmeier Wed Mar 22 15:25:43 EDT 2017  Total:  7 of 20
7
20
CS240: Exam2. nmeier Wed Mar 22 18:27:02 EDT 2017  Total:  7 of 20
7
20
CS240: Exam2. nmeier Wed Mar 22 18:51:40 EDT 2017  Total:  7 of 20
7
20
CS240: Exam2. nmeier Wed Mar 22 19:02:01 EDT 2017  Total:  7 of 20
7
20
CS240: Exam2. nmeier Wed Mar 22 19:03:49 EDT 2017  Total:  7 of 20
7
20
CS240: Exam2. nmeier Wed Mar 22 19:05:49 EDT 2017  Total:  7 of 20
7
20
CS240: Exam2. nmeier Wed Mar 22 19:09:02 EDT 2017  Total:  7 of 20
7
20
CS240: Exam2. nmeier Wed Mar 22 19:10:39 EDT 2017  Total:  7 of 20
7
20
CS240: Exam2. nmeier Wed Mar 22 19:13:33 EDT 2017  Total:  7 of 20
7
20
CS240: Exam2. nmeier Wed Mar 22 19:24:55 EDT 2017  Total:  7 of 20
7
20
CS240: Exam2. nmeier Wed Mar 22 19:27:40 EDT 2017  Total:  7 of 20
7
20
CS240: Exam2. nmeier Wed Mar 22 19:28:34 EDT 2017  Total:  7 of 20
7
20
CS240: Exam2. nmeier Wed Mar 22 19:29:59 EDT 2017  Total:  20 of 20
20
20
