CS240: Exam2. pheldrin Thu Oct 15 21:29:55 EDT 2015  Total:  0 of 16
0
16
CS240: Exam2. pheldrin Thu Oct 15 21:30:09 EDT 2015  Total:  0 of 24
0
24
CS240: Exam2. pheldrin Thu Oct 15 21:41:39 EDT 2015  Total:  0 of 24
0
24
CS240: Exam2. pheldrin Thu Oct 15 21:42:30 EDT 2015  Total:  24 of 24
24
24
CS240: Exam2. pheldrin Thu Oct 15 21:44:20 EDT 2015  Total:  24 of 24
24
24
CS240: Exam2. pheldrin Thu Oct 15 21:49:11 EDT 2015  Total:  24 of 24
24
24
CS240: Exam2. pheldrin Thu Oct 15 21:49:42 EDT 2015  Total:  24 of 24
24
24
CS240: Exam2. pheldrin Thu Oct 15 21:51:26 EDT 2015  Total:  24 of 24
24
24
CS240: Exam2. pheldrin Thu Oct 15 21:51:59 EDT 2015  Total:  24 of 24
24
24
CS240: Exam2. pheldrin Thu Oct 15 21:53:28 EDT 2015  Total:  24 of 24
24
24
CS240: Exam2. pheldrin Thu Oct 15 21:56:52 EDT 2015  Total:  24 of 24
24
24
CS240: Exam2. pheldrin Fri Oct 16 02:36:21 EDT 2015  Total:  24 of 24
24
24
CS240: Exam2. pheldrin Sun Oct 18 00:27:35 EDT 2015  Total:  24 of 24
24
24
CS240: Exam2. pheldrin Sun Oct 18 19:29:30 EDT 2015  Total:  24 of 24
24
24
CS240: Exam2. pheldrin Sun Oct 18 19:33:00 EDT 2015  Total:  24 of 24
24
24
CS240: Exam2. pheldrin Sun Oct 18 19:39:34 EDT 2015  Total:  24 of 24
24
24
CS240: Exam2. pheldrin Sun Oct 18 19:41:04 EDT 2015  Total:  24 of 24
24
24
CS240: Exam2. pheldrin Mon Oct 19 00:08:21 EDT 2015  Total:  24 of 24
24
24
CS240: Exam2. cs240 Mon Oct 19 02:25:22 EDT 2015  Total:  24 of 24
24
24
CS240: Exam2. cs240 Mon Oct 19 02:26:33 EDT 2015  Total:  28 of 28
28
28
CS240: Exam2. cs240 Mon Oct 19 02:26:46 EDT 2015  Total:  30 of 30
30
30
CS240: Exam2. cs240 Mon Oct 19 02:28:28 EDT 2015  Total:  30 of 30
30
30
CS240: Exam2. cs240 Mon Oct 19 04:42:09 EDT 2015  Total:  0 of 30
0
30
CS240: Exam2. cs240 Mon Oct 19 04:44:19 EDT 2015  Total:  0 of 30
0
30
CS240: Exam2. cs240 Mon Oct 19 04:48:00 EDT 2015  Total:  0 of 30
0
30
CS240: Exam2. cs240 Mon Oct 19 04:53:56 EDT 2015  Total:  0 of 30
0
30
CS240: Exam2. cs240 Mon Oct 19 12:58:00 EDT 2015  Total:  0 of 30
0
30
CS240: Exam2. cs240 Mon Mar 6 22:13:34 EST 2017  Total:  0 of 30
0
30
CS240: Exam2. nmeier Thu Mar 16 21:08:56 EDT 2017  Total:  0 of 30
0
30
CS240: Exam2. nmeier Thu Mar 16 21:22:37 EDT 2017  Total:  0 of 30
0
30
CS240: Exam2. nmeier Sun Mar 19 23:49:00 EDT 2017  Total:  7 of 30
7
30
CS240: Exam2. nmeier Sun Mar 19 23:54:45 EDT 2017  Total:  7 of 30
7
30
CS240: Exam2. nmeier Sun Mar 19 23:55:10 EDT 2017  Total:  15 of 30
15
30
CS240: Exam2. nmeier Mon Mar 20 11:23:30 EDT 2017  Total:  23 of 30
23
30
CS240: Exam2. nmeier Mon Mar 20 11:38:06 EDT 2017  Total:  23 of 30
23
30
CS240: Exam2. nmeier Mon Mar 20 11:52:16 EDT 2017  Total:  30 of 30
30
30
CS240: Exam2. nmeier Mon Mar 20 11:52:36 EDT 2017  Total:  30 of 30
30
30
CS240: Exam2. nmeier Tue Mar 21 14:55:16 EDT 2017  Total:  30 of 30
30
30
