execve("./hello-syscall", ["hello-syscall"], [/* 26 vars */]) = 0
brk(NULL)                               = 0x20fa000
access("/etc/ld.so.nohwcap", F_OK)      = -1 ENOENT (No such file or directory)
access("/etc/ld.so.preload", R_OK)      = -1 ENOENT (No such file or directory)
open("/etc/ld.so.cache", O_RDONLY|O_CLOEXEC) = 3
fstat(3, {st_mode=S_IFREG|0644, st_size=96399, ...}) = 0
mmap(NULL, 96399, PROT_READ, MAP_PRIVATE, 3, 0) = 0x7f620377b000
close(3)                                = 0
access("/etc/ld.so.nohwcap", F_OK)      = -1 ENOENT (No such file or directory)
open("/lib/x86_64-linux-gnu/libc.so.6", O_RDONLY|O_CLOEXEC) = 3
read(3, "\177ELF\2\1\1\3\0\0\0\0\0\0\0\0\3\0>\0\1\0\0\0P\t\2\0\0\0\0\0"..., 832) = 832
fstat(3, {st_mode=S_IFREG|0755, st_size=1868984, ...}) = 0
mmap(NULL, 4096, PROT_READ|PROT_WRITE, MAP_PRIVATE|MAP_ANONYMOUS, -1, 0) = 0x7f620377a000
mmap(NULL, 3971488, PROT_READ|PROT_EXEC, MAP_PRIVATE|MAP_DENYWRITE, 3, 0) = 0x7f62031a4000
mprotect(0x7f6203364000, 2097152, PROT_NONE) = 0
mmap(0x7f6203564000, 24576, PROT_READ|PROT_WRITE, MAP_PRIVATE|MAP_FIXED|MAP_DENYWRITE, 3, 0x1c0000) = 0x7f6203564000
mmap(0x7f620356a000, 14752, PROT_READ|PROT_WRITE, MAP_PRIVATE|MAP_FIXED|MAP_ANONYMOUS, -1, 0) = 0x7f620356a000
close(3)                                = 0
mmap(NULL, 4096, PROT_READ|PROT_WRITE, MAP_PRIVATE|MAP_ANONYMOUS, -1, 0) = 0x7f6203779000
mmap(NULL, 4096, PROT_READ|PROT_WRITE, MAP_PRIVATE|MAP_ANONYMOUS, -1, 0) = 0x7f6203778000
arch_prctl(ARCH_SET_FS, 0x7f6203779700) = 0
mprotect(0x7f6203564000, 16384, PROT_READ) = 0
mprotect(0x600000, 4096, PROT_READ)     = 0
mprotect(0x7f6203793000, 4096, PROT_READ) = 0
munmap(0x7f620377b000, 96399)           = 0
write(1, "Hello World (no syscall)\n", 25) = 25
write(1, "Hello World (syscall)\n", 22) = 22
fstat(1, {st_mode=S_IFCHR|0620, st_rdev=makedev(136, 269), ...}) = 0
brk(NULL)                               = 0x20fa000
brk(0x211b000)                          = 0x211b000
write(1, "Hello World (printf)\n", 21)  = 21
exit_group(21)                          = ?
+++ exited with 21 +++
