CS240: Exam3. pheldrin Thu Dec 10 20:12:55 EST 2015  Total:  25 of 25
25
25
CS240: Exam3. pheldrin Thu Dec 10 20:13:53 EST 2015  Total:  25 of 25
25
25
CS240: Exam3. pheldrin Fri Dec 11 00:41:36 EST 2015  Total:  25 of 25
25
25
CS240: Exam3. pheldrin Fri Dec 11 00:44:55 EST 2015  Total:  25 of 25
25
25
CS240: Exam3. pheldrin Fri Dec 11 22:03:10 EST 2015  Total:  25 of 25
25
25
CS240: Exam3. pheldrin Fri Dec 11 22:12:25 EST 2015  Total:  25 of 25
25
25
CS240: Exam3. pheldrin Fri Dec 11 22:13:32 EST 2015  Total:  25 of 25
25
25
CS240: Exam3. pheldrin Fri Dec 11 22:13:43 EST 2015  Total:  25 of 25
25
25
CS240: Exam3. pheldrin Fri Dec 11 22:20:51 EST 2015  Total:  25 of 25
25
25
CS240: Exam3. pheldrin Fri Dec 11 22:28:36 EST 2015  Total:  25 of 25
25
25
CS240: Exam3. pheldrin Fri Dec 11 22:40:19 EST 2015  Total:  25 of 25
25
25
CS240: Exam3. pheldrin Fri Dec 11 22:41:18 EST 2015  Total:  3 of 25
3
25
CS240: Exam3. pheldrin Fri Dec 11 22:41:24 EST 2015  Total:  3 of 25
3
25
CS240: Exam3. pheldrin Sun Dec 13 21:44:23 EST 2015  Total:  3 of 25
3
25
CS240: Exam3. pheldrin Sun Dec 13 21:44:34 EST 2015  Total:  3 of 25
3
25
CS240: Exam3. pheldrin Sun Dec 13 21:44:54 EST 2015  Total:  3 of 25
3
25
CS240: Exam3. nmeier Sat Apr 29 15:14:36 EDT 2017  Total:  3 of 25
3
25
CS240: Exam3. nmeier Sat Apr 29 15:39:16 EDT 2017  Total:  3 of 25
3
25
CS240: Exam3. nmeier Sat Apr 29 15:54:01 EDT 2017  Total:  3 of 25
3
25
CS240: Exam3. nmeier Sat Apr 29 15:58:35 EDT 2017  Total:  3 of 25
3
25
CS240: Exam3. nmeier Sat Apr 29 16:05:14 EDT 2017  Total:  12 of 25
12
25
CS240: Exam3. nmeier Sat Apr 29 16:14:53 EDT 2017  Total:  18 of 25
18
25
CS240: Exam3. nmeier Sat Apr 29 16:32:59 EDT 2017  Total:  24 of 25
24
25
CS240: Exam3. nmeier Sat Apr 29 20:29:13 EDT 2017  Total:  24 of 25
24
25
CS240: Exam3. nmeier Sat Apr 29 20:30:08 EDT 2017  Total:  24 of 25
24
25
CS240: Exam3. nmeier Sat Apr 29 21:43:03 EDT 2017  Total:  24 of 25
24
25
CS240: Exam3. nmeier Sun Apr 30 23:26:06 EDT 2017  Total:  24 of 25
24
25
CS240: Exam3. nmeier Sun Apr 30 23:26:54 EDT 2017  Total:  24 of 25
24
25
CS240: Exam3. nmeier Sun Apr 30 23:29:00 EDT 2017  Total:  24 of 25
24
25
CS240: Exam3. nmeier Sun Apr 30 23:30:11 EDT 2017  Total:  24 of 25
24
25
